2020-06-11 22:53:57 INFO  loginPagetc 27 - Launched the browser and entered the URL
2020-06-11 22:53:58 INFO  loginPagetc 34 - Logged in to the application by entering valid crendential
2020-06-11 23:31:03 INFO  loginPagetc 27 - Launched the browser and entered the URL
2020-06-11 23:31:04 INFO  loginPagetc 34 - Logged in to the application by entering valid credential
2020-06-11 23:31:46 INFO  loginPagetc 27 - Launched the browser and entered the URL
2020-06-11 23:39:00 INFO  loginPagetc 27 - Launched the browser and entered the URL
2020-06-11 23:40:33 INFO  loginPagetc 27 - Launched the browser and entered the URL
2020-06-11 23:47:25 INFO  loginPagetc 27 - Launched the browser and entered the URL
2020-06-11 23:49:40 INFO  loginPagetc 27 - Launched the browser and entered the URL
2020-06-11 23:54:22 INFO  loginPagetc 27 - Launched the browser and entered the URL
2020-06-12 00:02:05 INFO  loginPagetc 27 - Launched the browser and entered the URL
2020-06-12 00:03:26 INFO  loginPagetc 27 - Launched the browser and entered the URL
2020-06-12 00:05:10 INFO  loginPagetc 27 - Launched the browser and entered the URL
2020-06-12 00:09:11 INFO  loginPagetc 27 - Launched the browser and entered the URL
2020-06-12 00:11:14 INFO  loginPagetc 29 - Launched the browser and entered the URL
2020-06-12 00:19:47 INFO  loginPagetc 29 - Launched the browser and entered the URL
2020-06-12 00:26:47 INFO  loginPagetc 29 - Launched the browser and entered the URL
2020-06-12 00:29:12 INFO  loginPagetc 30 - Launched the browser and entered the URL
2020-06-12 01:15:13 INFO  loginPagetc 30 - Launched the browser and entered the URL
2020-06-12 01:49:36 INFO  loginPagetc 32 - Launched the browser and entered the URL
2020-06-12 01:49:37 INFO  loginPagetc 39 - Logged in to the application by entering valid credential
2020-06-12 01:54:38 INFO  loginPagetc 32 - Launched the browser and entered the URL
2020-06-12 01:54:39 INFO  loginPagetc 39 - Logged in to the application by entering valid credential
2020-06-12 12:07:40 INFO  loginPagetc 32 - Launched the browser and entered the URL
2020-06-12 12:07:40 INFO  loginPagetc 39 - Logged in to the application by entering valid credential
2020-06-12 12:08:53 INFO  loginPagetc 32 - Launched the browser and entered the URL
2020-06-12 12:08:54 INFO  loginPagetc 39 - Logged in to the application by entering valid credential
2020-06-12 12:11:06 INFO  calculatorTc 22 - Launched the browser and entered the URL
2020-06-12 12:11:12 INFO  loginPagetc 32 - Launched the browser and entered the URL
2020-06-12 12:11:12 INFO  loginPagetc 39 - Logged in to the application by entering valid credential
2020-06-12 12:11:13 INFO  calculatorTc 29 - Logged into App with valid credentials
2020-06-12 12:11:16 INFO  calculatorTc 32 - Checked the addition operation of calculator
2020-06-12 12:20:59 INFO  calculatorTc 22 - Launched the browser and entered the URL
2020-06-12 12:21:05 INFO  loginPagetc 32 - Launched the browser and entered the URL
2020-06-12 12:21:06 INFO  loginPagetc 48 - Error : The email address is badly formatted.
2020-06-12 12:21:06 INFO  loginPagetc 49 - Invalid login error message is displayed
2020-06-12 12:21:06 INFO  loginPagetc 39 - Logged in to the application by entering valid credential
2020-06-12 12:21:07 INFO  calculatorTc 29 - Logged into App with valid credentials
2020-06-12 12:21:09 INFO  calculatorTc 32 - Checked the addition operation of calculator
2020-06-12 12:22:06 INFO  loginPagetc 32 - Launched the browser and entered the URL
2020-06-12 12:22:06 INFO  loginPagetc 48 - Error : The email address is badly formatted.
2020-06-12 12:22:06 INFO  loginPagetc 49 - Invalid login error message is displayed
2020-06-12 12:22:07 INFO  loginPagetc 39 - Logged in to the application by entering valid credential
2020-06-12 12:24:13 INFO  loginPagetc 32 - Launched the browser and entered the URL
2020-06-12 12:24:14 INFO  loginPagetc 39 - Logged in to the application by entering valid credential
2020-06-12 12:24:58 INFO  loginPagetc 32 - Launched the browser and entered the URL
2020-06-12 12:24:59 INFO  loginPagetc 39 - Logged in to the application by entering valid credential
2020-06-12 12:26:26 INFO  loginPagetc 34 - Launched the browser and entered the URL
2020-06-12 12:26:26 INFO  loginPagetc 41 - Logged in to the application by entering valid credential
2020-06-12 12:26:34 INFO  loginPagetc 34 - Launched the browser and entered the URL
2020-06-12 12:30:58 INFO  loginPagetc 34 - Launched the browser and entered the URL
2020-06-12 12:30:58 INFO  loginPagetc 41 - Logged in to the application by entering valid credential
2020-06-12 12:31:06 INFO  loginPagetc 34 - Launched the browser and entered the URL
2020-06-12 12:31:09 INFO  loginPagetc 50 - Error : There is no user record corresponding to this identifier. The user may have been deleted.
2020-06-12 12:31:09 INFO  loginPagetc 51 - Invalid login error message is displayed
2020-06-12 12:36:55 INFO  loginPagetc 34 - Launched the browser and entered the URL
2020-06-12 12:36:55 INFO  loginPagetc 41 - Logged in to the application by entering valid credential
2020-06-12 12:37:03 INFO  loginPagetc 34 - Launched the browser and entered the URL
2020-06-12 12:37:04 INFO  loginPagetc 50 - Error : There is no user record corresponding to this identifier. The user may have been deleted.
2020-06-12 12:37:04 INFO  loginPagetc 51 - Invalid login error message is displayed
2020-06-12 13:16:38 INFO  alertPagetc 27 - Launched the browser and entered the URL
2020-06-12 13:16:44 INFO  calculatorTc 22 - Launched the browser and entered the URL
2020-06-12 13:16:50 INFO  loginPagetc 34 - Launched the browser and entered the URL
2020-06-12 13:16:50 INFO  loginPagetc 41 - Logged in to the application by entering valid credential
2020-06-12 13:16:58 INFO  loginPagetc 34 - Launched the browser and entered the URL
2020-06-12 13:17:00 INFO  loginPagetc 60 - Logged out of the application
2020-06-12 13:17:01 INFO  calculatorTc 29 - Logged into App with valid credentials
2020-06-12 13:17:03 INFO  calculatorTc 32 - Checked the addition operation of calculator
2020-06-12 13:17:05 INFO  alertPagetc 36 - Alert accepted
2020-06-12 13:17:11 INFO  loginPagetc 34 - Launched the browser and entered the URL
2020-06-12 13:17:11 INFO  loginPagetc 50 - Error : There is no user record corresponding to this identifier. The user may have been deleted.
2020-06-12 13:17:11 INFO  loginPagetc 51 - Invalid login error message is displayed
